2025-08-13 22:33:43 [ERROR]: POST /auth/register 
Invalid `prisma.users.findUnique()` invocation in
D:\adi\purwhadika\FINPRO\Property Renting Web App\backend\src\repositories\user\user.repository.ts:10:23

   7 import { generatedOtp } from "../../utils/generateOtp";
   8 
   9 export const findUserByEmail = async (email: string) => {
→ 10   return prisma.users.findUnique(
Can't reach database server at `aws-0-us-west-1.pooler.supabase.com:6543`

Please make sure your database server is running at `aws-0-us-west-1.pooler.supabase.com:6543`. {"clientVersion":"6.13.0","name":"PrismaClientInitializationError"}
2025-08-13 22:35:10 [ERROR]: PATCH /auth/verify-email 
Invalid `prisma.users.findUnique()` invocation in
D:\adi\purwhadika\FINPRO\Property Renting Web App\backend\src\repositories\user\user.repository.ts:10:23

   7 import { generatedOtp } from "../../utils/generateOtp";
   8 
   9 export const findUserByEmail = async (email: string) => {
→ 10   return prisma.users.findUnique(
Can't reach database server at `aws-0-us-west-1.pooler.supabase.com:6543`

Please make sure your database server is running at `aws-0-us-west-1.pooler.supabase.com:6543`. {"clientVersion":"6.13.0","name":"PrismaClientInitializationError"}
2025-08-13 22:35:32 [ERROR]: PATCH /auth/new-otp 
Invalid `prisma.users.findUnique()` invocation in
D:\adi\purwhadika\FINPRO\Property Renting Web App\backend\src\repositories\user\user.repository.ts:10:23

   7 import { generatedOtp } from "../../utils/generateOtp";
   8 
   9 export const findUserByEmail = async (email: string) => {
→ 10   return prisma.users.findUnique(
Can't reach database server at `aws-0-us-west-1.pooler.supabase.com:6543`

Please make sure your database server is running at `aws-0-us-west-1.pooler.supabase.com:6543`. {"clientVersion":"6.13.0","name":"PrismaClientInitializationError"}
2025-08-13 22:36:34 [ERROR]: PATCH /auth/new-otp 
Invalid `prisma.users.findUnique()` invocation in
D:\adi\purwhadika\FINPRO\Property Renting Web App\backend\src\repositories\user\user.repository.ts:10:23

   7 import { generatedOtp } from "../../utils/generateOtp";
   8 
   9 export const findUserByEmail = async (email: string) => {
→ 10   return prisma.users.findUnique(
Can't reach database server at `aws-0-us-west-1.pooler.supabase.com:6543`

Please make sure your database server is running at `aws-0-us-west-1.pooler.supabase.com:6543`. {"clientVersion":"6.13.0","name":"PrismaClientInitializationError"}
2025-08-13 22:37:53 [ERROR]: PATCH /auth/new-otp 
Invalid `prisma.users.findUnique()` invocation in
D:\adi\purwhadika\FINPRO\Property Renting Web App\backend\src\repositories\user\user.repository.ts:10:23

   7 import { generatedOtp } from "../../utils/generateOtp";
   8 
   9 export const findUserByEmail = async (email: string) => {
→ 10   return prisma.users.findUnique(
Can't reach database server at `aws-0-us-west-1.pooler.supabase.com:6543`

Please make sure your database server is running at `aws-0-us-west-1.pooler.supabase.com:6543`. {"clientVersion":"6.13.0","name":"PrismaClientInitializationError"}
2025-08-13 22:38:41 [ERROR]: PATCH /auth/new-otp 
Invalid `prisma.users.findUnique()` invocation in
D:\adi\purwhadika\FINPRO\Property Renting Web App\backend\src\repositories\user\user.repository.ts:9:23

  6 } from "../../types/user/users.types";
  7 
  8 export const findUserByEmail = async (email: string) => {
→ 9   return prisma.users.findUnique(
Can't reach database server at `aws-0-us-west-1.pooler.supabase.com:6543`

Please make sure your database server is running at `aws-0-us-west-1.pooler.supabase.com:6543`. {"clientVersion":"6.13.0","name":"PrismaClientInitializationError"}
2025-08-13 22:39:34 [ERROR]: PATCH /auth/new-otp 
Invalid `prisma.users.findUnique()` invocation in
D:\adi\purwhadika\FINPRO\Property Renting Web App\backend\src\repositories\user\user.repository.ts:9:23

  6 } from "../../types/user/users.types";
  7 
  8 export const findUserByEmail = async (email: string) => {
→ 9   return prisma.users.findUnique(
Can't reach database server at `aws-0-us-west-1.pooler.supabase.com:6543`

Please make sure your database server is running at `aws-0-us-west-1.pooler.supabase.com:6543`. {"clientVersion":"6.13.0","name":"PrismaClientInitializationError"}
2025-08-13 22:41:12 [ERROR]: PATCH /auth/new-otp 
Invalid `prisma.users.findUnique()` invocation in
D:\adi\purwhadika\FINPRO\Property Renting Web App\backend\src\repositories\user\user.repository.ts:9:23

  6 } from "../../types/user/users.types";
  7 
  8 export const findUserByEmail = async (email: string) => {
→ 9   return prisma.users.findUnique(
Can't reach database server at `aws-0-us-west-1.pooler.supabase.com:6543`

Please make sure your database server is running at `aws-0-us-west-1.pooler.supabase.com:6543`. {"clientVersion":"6.13.0","name":"PrismaClientInitializationError"}
