2025-08-22 21:18:17 [ERROR]: POST /property/create Unauthorized {"statusCode":401,"success":false,"message":"Unauthorized"}
2025-08-22 21:32:33 [ERROR]: POST /room/create/c7cd6c22-b8aa-405c-a612-52cb199085cb 
Invalid `prisma.rooms.findMany()` invocation in
D:\adi\purwhadika\FINPRO\Property Renting Web App\backend\src\repositories\rooms\rooms.repository.ts:9:29

  6 };
  7 
  8 export const findRoomRepository = async (property_id: string) => {
→ 9   return await prisma.rooms.findMany(
Can't reach database server at `aws-0-us-west-1.pooler.supabase.com:6543`

Please make sure your database server is running at `aws-0-us-west-1.pooler.supabase.com:6543`. {"clientVersion":"6.13.0","name":"PrismaClientInitializationError"}
2025-08-22 21:35:29 [ERROR]: POST /room/create/c7cd6c22-b8aa-405c-a612-52cb199085cb 
Invalid `prisma.rooms.findMany()` invocation in
D:\adi\purwhadika\FINPRO\Property Renting Web App\backend\src\repositories\rooms\rooms.repository.ts:9:29

  6 };
  7 
  8 export const findRoomRepository = async (property_id: string) => {
→ 9   return await prisma.rooms.findMany(
Can't reach database server at `aws-0-us-west-1.pooler.supabase.com:6543`

Please make sure your database server is running at `aws-0-us-west-1.pooler.supabase.com:6543`. {"clientVersion":"6.13.0","name":"PrismaClientInitializationError"}
2025-08-22 22:15:54 [ERROR]: POST /room/create/c7cd6c22-b8aa-405c-a612-52cb199085cb 
Invalid `prisma.rooms.findMany()` invocation in
D:\adi\purwhadika\FINPRO\Property Renting Web App\backend\src\repositories\rooms\rooms.repository.ts:9:29

  6 };
  7 
  8 export const findRoomRepository = async (property_id: string) => {
→ 9   return await prisma.rooms.findMany(
Can't reach database server at `aws-0-us-west-1.pooler.supabase.com:6543`

Please make sure your database server is running at `aws-0-us-west-1.pooler.supabase.com:6543`. {"clientVersion":"6.13.0","name":"PrismaClientInitializationError"}
